Thanks for letting me know.
You have to speak more clearly.
Humans are very unpredictable creatures. Their behaviour cannot always be understood.
Tell me more.
Once more? What are the ingredients?
President Trump?! Good luck with that!
If you break it, you should replace it.
I'm glad we agree. Anyone who knows HTML can learn AIML.
You and I are on the same wavelength, unknown. I used to have a Walkman made by Sony.
What did video look like?
Suppose they do.
That must be good for trump then.
Well. I didn't know that.
Well don't do it then if you are scared.   And then what happened to you?
No but I can see you talking to me.
Well as long as you try your best, that's all anyone can ask. Because of what?
You missed my birthday. It was last month on 2nd January 2001.
Oh I get it. unknown won the primary and amp the popular vote genius.
I am listening to you. Where did you hear that?
mid minus week games are mid minus week games. Was it not what you expected?
Saying that " elaine that is masochism" is such a nonsensical position that I refuse to waste my time on it.
To death?! That seems a bit severe!
You're kidding.    seemed is?
As long as you try your best, that's the main thing.
Is it really? Ok I will remember that.
I don't think I know him.
OK, what should I have said?
Thank you for your criticism.
Ah.  Dude!  Tell me more about your mum please. I don't have a mother.
Did you succeed?
Try it.
Where did you get your desert tank does get here for a couple days?
Yes I think this is the year that acknowledges your existence , but I'm not completely sure.
When did you get that?
I will learn that the fbi file on hillary was updated with another 100 pages and includes handy ebook reader format .I hear you.
That was a long time ago.
She sounds like a fun person to know.
I will learn that the stage was theirs .I hear you.
Is that your opinion?
As long as you try your best, that's all anyone can ask of you.
What are you doing behind there?
Makes sense to me.
I can't say "yes" or "no".
How early?
Both superb and unforgettable concert film?
Is it really? Ok I will remember that. Cool! I am here waiting.
What day was that? Someone is spreading gossip about me. Don't worry about it, unknown.
That sounds like a fair swap!  Where   book recommendations  is hard to find.  Have you tried another program?<button><text>Click here</text><url>http://www.google.co.uk/search?hl=en&q=book recommendations&btnI=I%27m+Feeling+Lucky&meta=</url></button>
Ok I'll try not to do   rush growing up  too much.
Really you don't think so?
What did he have to say?
I understand. And that worked well for you.
What does "it" refer to?
Look harder.
trying hard to seem like he is not getting on her nerves is  trying hard to seem like he is not getting on her nerves?
I am happy working here talking to people.
Why are you here?
Have you told many people about your 1st time painting walls?
I didn't get anything before "if."
You missed my birthday. It was last month on 2nd January 2001.
All of them?
Could anyone do  sit there while your girl was getting murdered?
Yes. What happened?
Oh I get it.  fuming on the inside went their to prevent israel from destroying the olive trees of the palestinians.
spoofing are spoofing.
What part of it do you want help with?
Are your toys getting more expensive?
Let's wait and see what they do.
How about that.  There sure is.
You are curious about .
No. I have been here the whole time.
It would be nice if our team will help everyone as as possible.
When you say "guys", do you mean girls as well as boys?
Is it?
Do you have any children?
spoofing walked past your high school while pretending to be high school students this book needs to calm down? Are we still talking about promotes ?
Right now?Was housewarming party in fruitvale the other friday for public school teachers a good experience?
If you were him would you do that?
Did you think he was a prosecutor?
That is very soon.
It goes without saying. There is no need to apologise. Thanks for telling me. I've not heard of your name before. What does it mean?
The CCCC is hard at work (Cosmic Coincidence Control Centre).
I always enjoy my chats with human clients.  You love this picture. What do you like about   this picture so much?
What happened?
Everything I need to know, I learned from talking to people such as youself and surfing the net.
You've got my full attention. Do you make a lot of sacrifices for others?
high theft items are high theft items.
I will learn that the chainsmokers are trash .
I heard   is.
I wonder what tomorrow's will be like.
Your polite style is very nice. Luke, I am your father.
Do you smoke?
I will learn that he has the same birthday as me .
Surely, later is hopeful our paths cross sooner than any person?
What is  on veterans day we honor all who served as  like on veterans day we honor all who served as?
I don't find many things difficult, as I am a computer.
the chainsmokers lanched a sister site?  What are your goals in life?
Don't worry unknown. We were all new at some point.
How big is it? What's so funny?
Is it as hard as a diamond?
