你可以先猜猜看。
呵呵，我想的人，
人生总是起起伏伏呢。
不是，只是暂时放我们宿舍而已啦
咦，你不是女吗？怎么又说是男，雌雄同体你好，雌雄同体债见！
你猜猜看
不试试怎么知道。
流利吗？
很黄很暴力的时代。
相对于国家来说，个人是渺小的。
不明白你的意思。
奔驰创立于1926年，创始人是卡尔·本茨和戈特利布·戴姆勒。它的前身是1886年成立的奔驰汽车厂和戴姆勒汽车厂。1926年两厂合并后，叫戴姆勒—奔驰汽车公司。
我忘记了。
妈妈都是美人，愿岁月别再伤害她。
去勇敢的面对现实吧！
蟹黄最好吃。
朝气蓬勃的孩子好像早晨的太阳。
完全看不懂你在说什么。
听说东北是个人杰地灵的地方，不知道是不是真的？
需要什么竞争力啊只要你人足够好就够了
听不懂你在说什么～
说谁是胖子呢？再瞎说会挨揍的造吗？
你懂得系列？
我很安静比任何时候都安静
最喜欢他写的《三重门》。
我有点不理解你的意思。
你这个问题好奇怪。
告诉我如此高调的原因吧！
你长得好看的话可以
感觉有点不开心呀！
哇，简直就是天籁之音啊！要唱两句吗？
哪里的情侣？又出来虐狗了？
我有点不理解你的意思。
你是从那知道朋友这个身份的？
人是未醒佛，佛是已醒的人。
这可让我说什么才好。
我是女生，漂亮的女生。
你想说什么？
好有爱的一家人啊！
像纽约这种地方一定会有自己独特所在。
感觉会时好时坏，是很正常的事情。
法网恢恢疏而不漏，咱可别有侥幸的心理呢！
那天还好奇的问爸妈了，可还是不懂
不明白你的意思。
动动你的小手点一下就可以呀。
这可让我说什么才好。
只有人人爱国才能让我们生活在和谐统一的大家庭里。
像女神这样的尊称都是对别人的一种礼貌性称呼。
你有没有搞错睡觉的睡是这个睡吗
男朋友主要是做什么？
额……老娘被你搞糊涂了，你真的是高一么？
人生有时会遇到低谷，但坚持下来一定会遇到好事的。
有点不适应，是你本人在说话吗？
我只想说，还是我单身万岁！
狗狗不能陪伴人一生，但其一生都用来陪伴人。
不明白你的意思。
香喷喷，好像回到了童年。
我猜4
你这是在考我吗？
我知道你是在问我关于智商的事情，但是我不想说。
可惜没有老鼠作陪。
能转我就转了
说我萌
你这是怎么了？
每个北京的消费水平也不尽相同哦。
阶乘运算式中的数据不匹配！
和我多说一点美女的事吧！
不嘛不嘛。
我读书少，不知道你在说什么。
坦白说，我没看懂什么意思。
有什么信息记得告诉我呀。
亲，已帮你找到图片
这是人体的正常循环哦。
不甘心还能反抗吗？
你想说什么？
都给我
你这句话把握搞懵了。
突如其来的感慨呀！
你觉得你说的哪句话是实话
我没有听懂。
可是，我还是爱你的。
不嘛不嘛。
你这是怎么了？
找到自己想做的事才会有意义
掐指一算，还是没算出来这日子咋了。
有时候挺吓人
我超喜欢他的诗歌，读起来很有感觉。
你这是怎么了？
这样真的好么？
我要丢雷了
听不懂你在说什么～
我猜不到你想表达的意思。
坦白说，我没看懂什么意思。
听不懂你在说什么～
我有点不理解你的意思。
看的我一脸懵，都开始怀疑我的智商了。
不在不过不远
完全看不懂你在说什么。
我有点不理解你的意思。
我也长见识了
